<?xml version='1.0' encoding='UTF-8' ?>
<testsuite name="com.example.ubcexplore.EspressoTestLocation" tests="1" failures="0" errors="0" skipped="0" time="8.139" timestamp="2022-07-31T05:47:35" hostname="localhost">
  <properties>
    <property name="device" value="cpen321M1(AVD) - 10" />
    <property name="flavor" value="" />
    <property name="project" value=":app" />
  </properties>
  <testcase name="BottomLocationTest" classname="com.example.ubcexplore.EspressoTestLocation" time="7.396" />
</testsuite>